<?xml version="1.0" encoding="UTF-8"?>
<testsuite name="pe.edu.uls.falabella.controller.FalabellaControllerTest" tests="16" skipped="0" failures="0" errors="0" timestamp="2026-09-10T04:29:21.218Z" hostname="codespaces-625fef" time="6.205">
  <properties/>
  <testcase name="testGetStockError()" classname="pe.edu.uls.falabella.controller.FalabellaControllerTest" time="1.151"/>
  <testcase name="testGetStock()" classname="pe.edu.uls.falabella.controller.FalabellaControllerTest" time="0.108"/>
  <testcase name="testPostPedidoError()" classname="pe.edu.uls.falabella.controller.FalabellaControllerTest" time="0.152"/>
  <testcase name="testPostClienteError()" classname="pe.edu.uls.falabella.controller.FalabellaControllerTest" time="0.041"/>
  <testcase name="testPostProducto()" classname="pe.edu.uls.falabella.controller.FalabellaControllerTest" time="0.04"/>
  <testcase name="testPostProductoError()" classname="pe.edu.uls.falabella.controller.FalabellaControllerTest" time="0.008"/>
  <testcase name="testGetProductoError()" classname="pe.edu.uls.falabella.controller.FalabellaControllerTest" time="0.009"/>
  <testcase name="testGetPedidoError()" classname="pe.edu.uls.falabella.controller.FalabellaControllerTest" time="0.004"/>
  <testcase name="testGetProducto()" classname="pe.edu.uls.falabella.controller.FalabellaControllerTest" time="0.006"/>
  <testcase name="testGetClienteError()" classname="pe.edu.uls.falabella.controller.FalabellaControllerTest" time="0.006"/>
  <testcase name="testPostCliente()" classname="pe.edu.uls.falabella.controller.FalabellaControllerTest" time="0.014"/>
  <testcase name="testPostPedido()" classname="pe.edu.uls.falabella.controller.FalabellaControllerTest" time="0.005"/>
  <testcase name="testGetCliente()" classname="pe.edu.uls.falabella.controller.FalabellaControllerTest" time="0.004"/>
  <testcase name="testGetPedido()" classname="pe.edu.uls.falabella.controller.FalabellaControllerTest" time="0.005"/>
  <testcase name="testPostActualizarPrecioError()" classname="pe.edu.uls.falabella.controller.FalabellaControllerTest" time="0.007"/>
  <testcase name="testPostActualizarPrecio()" classname="pe.edu.uls.falabella.controller.FalabellaControllerTest" time="0.004"/>
  <system-out><![CDATA[04:29:21.975 [Test worker] INFO org.springframework.test.context.support.AnnotationConfigContextLoaderUtils -- Could not detect default configuration classes for test class [pe.edu.uls.falabella.controller.FalabellaControllerTest]: FalabellaControllerTest does not declare any static, non-private, non-final, nested classes annotated with @Configuration.
04:29:22.318 [Test worker] INFO org.springframework.boot.test.context.SpringBootTestContextBootstrapper -- Found @SpringBootConfiguration pe.edu.uls.falabella.FalabellaApplication for test class pe.edu.uls.falabella.controller.FalabellaControllerTest
04:29:22.499 [Test worker] INFO org.springframework.test.context.support.AnnotationConfigContextLoaderUtils -- Could not detect default configuration classes for test class [pe.edu.uls.falabella.controller.FalabellaControllerTest]: FalabellaControllerTest does not declare any static, non-private, non-final, nested classes annotated with @Configuration.
04:29:22.504 [Test worker] INFO org.springframework.boot.test.context.SpringBootTestContextBootstrapper -- Found @SpringBootConfiguration pe.edu.uls.falabella.FalabellaApplication for test class pe.edu.uls.falabella.controller.FalabellaControllerTest

  .   ____          _            __ _ _
 /\\ / ___'_ __ _ _(_)_ __  __ _ \ \ \ \
( ( )\___ | '_ | '_| | '_ \/ _` | \ \ \ \
 \\/  ___)| |_)| | | | | || (_| |  ) ) ) )
  '  |____| .__|_| |_|_| |_\__, | / / / /
 =========|_|==============|___/=/_/_/_/

 :: Spring Boot ::                (v4.1.1)

2026-09-10T04:29:23.165Z  INFO 28758 --- [falabella] [    Test worker] p.e.u.f.c.FalabellaControllerTest        : Starting FalabellaControllerTest using Java 25.0.4.1 with PID 28758 (started by codespace in /workspaces/construcciondesoftware/Falabella)
2026-09-10T04:29:23.169Z  INFO 28758 --- [falabella] [    Test worker] p.e.u.f.c.FalabellaControllerTest        : No active profile set, falling back to 1 default profile: "default"
2026-09-10T04:29:25.664Z  INFO 28758 --- [falabella] [    Test worker] o.s.b.t.m.w.SpringBootMockServletContext : Initializing Spring TestDispatcherServlet ''
2026-09-10T04:29:25.664Z  INFO 28758 --- [falabella] [    Test worker] o.s.t.web.servlet.TestDispatcherServlet  : Initializing Servlet ''
2026-09-10T04:29:25.670Z  INFO 28758 --- [falabella] [    Test worker] o.s.t.web.servlet.TestDispatcherServlet  : Completed initialization in 5 ms
2026-09-10T04:29:25.755Z  INFO 28758 --- [falabella] [    Test worker] p.e.u.f.c.FalabellaControllerTest        : Started FalabellaControllerTest in 3.046 seconds (process running for 6.838)
]]></system-out>
  <system-err><![CDATA[Mockito is currently self-attaching to enable the inline-mock-maker. This will no longer work in future releases of the JDK. Please add Mockito as an agent to your build as described in Mockito's documentation: https://javadoc.io/doc/org.mockito/mockito-core/latest/org.mockito/org/mockito/Mockito.html#0.3
WARNING: A Java agent has been loaded dynamically (/home/codespace/.gradle/caches/modules-2/files-2.1/net.bytebuddy/byte-buddy-agent/1.18.11/82212e5b3633e7a65fca8bec525762cfb6c9bae4/byte-buddy-agent-1.18.11.jar)
WARNING: If a serviceability tool is in use, please run with -XX:+EnableDynamicAgentLoading to hide this warning
WARNING: If a serviceability tool is not in use, please run with -Djdk.instrument.traceUsage for more information
WARNING: Dynamic loading of agents will be disallowed by default in a future release
]]></system-err>
</testsuite>
